38
ConnectLitev9
SundarA
StreamXv9
LarryO
GameProv3
PhilippY
CastOSProv6
BakhodirD
DaydreamLitev7
BakhodirW
WebserverProv6
PhilippP
ShoppingProv8
FionaN PhilippI
MarsXv1
HiroshiF FionaJ MichalB MatasH
ClassroomMaxv2
TatiyanaC SusanQ
DocsNextv2
SundarP JenK ClementL
SlidesNextv2
JenZ PhilippH
StreamXv6
SundarH MatasC SergeyN ClementM ClementT
ReleaseUltrav1
FionaJ BakhodirD
BuildMaxv1
MichalB RuthX NellyY BakhodirG SergeyV
FuchsiaXv6
SundarL SundarA
StreetViewXv1
TatiyanaC MatasC FionaF
GameLitev8
PhilippP PhilippK MatasW SergeyN
SitesSv1
SergeyU ClementL
ResearchXv8
SundarP ClementM BakhodirW JenK ClementE
GameProv6
LarryO SusanQ StefanQ
ChromeNextv7
SergeyV BakhodirD PhilippY
AndroidAutoZv2
PhilippH JenK PhilippI LarryX SergeyU
FeedBurnerMaxv3
TatiyanaC LarryO
AndroidTVMaxv5
HiroshiF SundarP PhilippK
SmartLitev9
JenZ ThomasK PhilippP
ShortsNextv7
FionaF PhilippY PrabhakarR
MapsProv8
HiroshiW SergeyT BakhodirD
GlassOSLitev9
FionaJ BakhodirG SundarA PhilippK HiroshiF PhilippH
MarsUltrav8
PhilippI SergeyU SusanQ PhilippP StefanQ BenjaminT RuthX PetarF MatasW
DuoZv2
PhilippY SundarP FionaF
MarsLitev5
BakhodirD TatiyanaC
StreetViewProv9
SundarA MatasC ClementE MatasW JenK PhilippK NellyY LarryO
ChromeOSLitev3
PhilippP HiroshiW PhilippY
SmartSv2
FionaF BakhodirW PhilippK BenjaminT FionaN
WearOSLitev5
NellyY BakhodirD TatiyanaC JenK PhilippI
ExploreUltrav8
BakhodirD ClementM SergeyV HiroshiF FionaJ SusanQ ClementE
DuoZv4
ThomasK SundarP LarryX ClementT PhilippK RuthX ThomasM
MapsSv7
SundarA PhilippK FionaF LarryO ClementM ThomasK MatasW LarryX ClementE BakhodirD
