775
p58
c476
p2625
c21 c199 c649
p6066
c597
p444
c474
p8570
c332
p2063
c426
p2085
c585
p7878
c407
p480
c782 c521 c96
p4330
c634 c119
p1146
c23 c440 c551
p1344
c461
p2309
c555 c726 c577
p4772
c391 c573
p2185
c435
p4680
c230 c228
p1467
c790
p8475
c449
p3195
c378 c96
p5154
c219
p6630
c423
p8526
c266
p8981
c307
p2528
c673
p8118
c719
p9
c67
p3415
c10
p8193
c673
p179
c529 c634
p7810
c115
p1350
c553 c94
p1508
c147
p2632
c109
p6648
c635 c219
p7443
c396
p2966
c554
p4135
c472
p9499
c78 c382 c210 c694
p8649
c23
p7236
c311 c271 c630 c334 c526
p5329
c652 c624 c748
p6668
c682
p7507
c351
p6270
c377
p5795
c303 c352
p378
c313
p9014
c531
p3682
c595 c380
p155
c633
p6161
c656
p9410
c214
p4676
c350
p2932
c576
p1321
c767 c393
p8508
c789
p9945
c2
p1154
c587 c99 c761
p8571
c2
p4704
c233 c101
p9927
c706 c388
p9519
c639
p8119
c789
p5422
c402 c600 c307
p4364
c8 c701
p4834
c489
p3017
c160
p6679
c282
p4002
c614
p7906
c189
p5011
c464 c370
p5465
c433 c65
p1809
c637 c453
p5372
c418 c680
p5038
c20
p697
c347 c601
p53
c346 c504
p5177
c475
p3346
c345
p9669
c639 c280
p99
c402
p9888
c700 c540
p4711
c123
p8378
c247 c116
p8409
c646 c693
p4985
c419
p2272
c62
p8627
c795
p5495
c502
p4023
c557 c91
p5113
c308 c612
p6825
c589
p2331
c472
p8311
c768
p124
c371
p2953
c213 c7
p3225
c251
p3943
c315
p880
c203
p3556
c171 c543 c574
p900
c520
p5330
c403 c355
p2062
c413
p7803
c284
p9469
c398
p2592
c251
p221
c547
p6494
c162
p159
c28
p9875
c503 c267
p7885
c66
p2802
c266 c4
p9961
c710
p6259
c538 c357
p2382
c30 c282
p9108
c607 c368
p9974
c589
p9991
c288
p6584
c557 c404 c568 c491
p8185
c796 c50 c381 c190
p4035
c399 c299 c454
p4329
c483 c447
p2960
c542
p2261
c118 c322
p9022
c15
p1731
c457
p7884
c476
p8145
c488
p1787
c471 c726
p7896
c104 c584
p4535
c347
p7314
c245 c47 c586 c55 c157
p6842
c83
p5766
c775
p214
c230
p6938
c180 c339 c750 c544
p1036
c11 c81
p3545
c502
p7599
c542
p8196
c629
p9818
c541 c531
p562
c154 c307
p508
c543
p8110
c200 c601 c361
p3937
c765
p2561
c175 c526
p2223
c389
p6583
c395
p8826
c542
p5165
c298
p3753
c214 c655 c696
p4378
c518
p5979
c176 c388
p5022
c611
p425
c536
p8315
c436
p5850
c286 c774
p4742
c268
p5901
c267
p5758
c756
p9695
c223
p4858
c715 c316
p4383
c334
p763
c625 c644
p3506
c345
p1701
c363
p8924
c205 c726
p3088
c619
p1406
c26
p6898
c271 c440 c388
p7785
c590
p79
c537
p7944
c21 c782 c795
p4773
c227
p969
c381
p2274
c268 c567 c748 c219
p8989
c535 c768
p8180
c253 c31
p422
c0
p9228
c698 c572
p3629
c17
p1925
c171 c105
p9472
c319
p7912
c1
p6805
c763
p3605
c205
p173
c274
p3108
c89 c797
p9363
c620
p4220
c422 c418
p4193
c443 c466
p1001
c69
p5109
c67
p9193
c605
p847
c279
p6166
c542 c323 c234
p395
c486 c469
p7536
c757
p4809
c177
p6440
c324 c750
p3106
c757 c362
p6106
c96
p2420
c750
p7356
c324 c627
p9055
c341
p4950
c543 c314
p7131
c715
p5441
c372 c52 c568 c570 c134
p8338
c224 c129
p1622
c230 c102
p3788
c280
p4392
c463
p9654
c134
p1712
c632
p927
c383 c797
p5636
c86
p4345
c368
p9814
c695
p6746
c388
p3160
c472 c564
p8813
c132 c694 c752
p3559
c413 c358
p1726
c54
p7016
c562 c779
p8790
c646
p7117
c444
p1019
c545 c401 c683 c382
p5202
c605
p5044
c616 c568 c44
p6890
c379
p7784
c124
p1213
c767
p8727
c512
p6119
c513
p9133
c380
p8834
c492 c520
p9779
c249
p8529
c754
p6698
c660
p476
c709
p1214
c659 c559
p1159
c483
p8077
c771
p2051
c595 c235 c260
p7724
c164 c686
p1906
c353 c390
p4572
c585
p9502
c266
p2266
c1 c332 c572
p6604
c112 c106 c15 c489
p6493
c571
p4812
c246
p1165
c531
p2603
c544
p5371
c103
p7214
c766
p666
c298 c256
p7992
c555 c391
p2209
c153
p8510
c689
p4340
c787
p1419
c744 c619 c646
p7064
c453
p5772
c259 c466 c134 c267
p432
c172 c760
p353
c667 c40
p3374
c770
p3832
c81
p1628
c543
p5877
c616
p7800
c394
p8060
c51 c354
p2070
c470 c375
p9158
c537 c440 c173
p6384
c45 c217
p8339
c232 c754
p9192
c120
p113
c757 c103 c8
p7522
c538 c109 c492 c290
p6525
c74
p3911
c470
p5054
c191
p8604
c416
p7151
c154 c337 c777
p6118
c366
p2595
c551
p9077
c422
p1066
c182 c567
p7934
c690 c594
p5355
c499
p7220
c407 c563
p4094
c83
p6575
c7
p275
c790 c199
p9067
c404 c401 c643 c331
p7082
c77 c771
p139
c60 c386
p8547
c659
p2126
c609 c17
p9125
c116
p5986
c197
p9913
c437 c195 c255 c574
p7233
c202 c713
p4146
c214
p2575
c37 c73
p2196
c362 c524
p925
c552
p1801
c350 c105
p8131
c567 c520
p7910
c273 c101
p975
c240
p653
c645
p5460
c546
p6674
c479 c31
p1287
c348 c633
p7722
c697 c181 c73
p2526
c731
p8951
c711
p9664
c507 c765
p3539
c76 c722
p7348
c271 c69
p5957
c545 c657
p5507
c419 c501
p87
c109 c468
p7983
c378 c2
p4584
c273 c766 c774
p5216
c489
p5369
c586
p5836
c746 c448 c489
p5568
c616 c53 c62
p1469
c577
p1427
c699
p4284
c68
p5914
c257 c368
p7437
c109
p7549
c644
p3335
c674
p9249
c767 c454
p9259
c719 c438 c200 c142
p4461
c577
p2556
c251 c2
p4358
c401 c521 c314
p9489
c337
p7122
c64
p7474
c593
p3550
c588
p77
c579
p9273
c692 c682
p460
c456
p7000
c703
p4855
c113 c165
p5903
c791
p8074
c47
p9379
c371
p6917
c646
p9836
c259 c474 c511 c46
p2562
c636
p7779
c308
p2046
c734 c688
p9355
c785 c12 c250
p7793
c314
p5532
c780
p3360
c654
p225
c498
p4350
c586
p501
c545
p568
c720
p4269
c429
p1354
c294
p7651
c249
p3953
c286
p11
c678 c686
p6468
c610
p3628
c331
p8178
c147
p6874
c561
p2703
c648
p9336
c435 c25
p6188
c356 c611
p3379
c683
p357
c83 c512
p8565
c401 c85
p7181
c725
p727
c350 c102
p8738
c84 c614 c506
p2402
c171 c317
p8392
c407
p1420
c179 c24
p9110
c481
p1506
c282
p4919
c633
p2379
c709
p1269
c0 c27
p311
c486
p7573
c343 c760 c200
p8247
c646 c46
p7396
c150
p7531
c442
p8398
c597 c468 c102
p8535
c233
p2923
c309 c378
p4819
c470
p8094
c312
p114
c757 c258 c457
p9347
c666 c248
p8648
c795 c265 c97
p2338
c577 c169
p3681
c104
p7344
c498
p8403
c466
p238
c637
p80
c624
p4670
c627 c513 c194
p8700
c10 c745
p3361
c148
p4235
c67 c226
p3983
c293
p3632
c454
p4292
c148
p5443
c211
p7042
c650
p1200
c312
p2818
c55
p4076
c176
p5105
c537
p8061
c130 c778
p7868
c756
p4024
c45
p2990
c470 c162
p5291
c652 c481
p7914
c419
p1309
c594
p2729
c424
p1536
c550 c397
p4984
c380 c185
p3900
c305 c330
p9278
c46 c162
p73
c474 c659
p1759
c585
p716
c337
p8450
c237 c514
p6766
c220 c71 c115 c531
p1618
c409 c563
p7641
c616 c306
p2540
c186
p54
c695 c398
p3145
c93
p1778
c464 c439
p7995
c662 c184 c325
p3034
c290
p9367
c129
p5406
c146
p2875
c527 c464 c760
p2410
c356 c760
p2616
c514
p7380
c536
p7189
c560
p8216
c251 c139
p8041
c694
p4965
c719
p2133
c632 c326 c57
p4803
c205 c392
p3543
c239
p8361
c266 c45
p7554
c489
p8978
c137 c100
p3912
c431
p8205
c488
p875
c57
p846
c665 c313 c194
p690
c443
p8577
c285
p825
c120 c296
p5945
c776 c244
p1898
c287
p1359
c25
p6377
c761
p85
c433
p8280
c714 c680
p4539
c766
p6186
c400 c791
p1239
c382
p6832
c728 c144
p5685
c363
p1594
c251
p7098
c286 c325
p348
c539 c640
p8343
c250 c178
p336
c236 c153
p2023
c765
p7152
c388
p3710
c762
p1487
c554
p2238
c225
p8399
c636
p683
c502
p4407
c724
p7515
c701
p3909
c676
p6385
c491 c773 c742
p6046
c473
p6596
c190
p8962
c553
p5183
c597
p7259
c320
p8316
c758 c136
p3862
c775
p2509
c70 c265
p6643
c454
p9342
c175
p183
c638
p9007
c373 c186
p7790
c628
p5669
c483
p3117
c231 c779
p2781
c684 c40
p6922
c472
p7066
c95
p8387
c614
p4641
c744 c98
p1929
c660 c529
p7766
c431 c484 c695
p3999
c680
p3508
c585 c280
p7111
c611
p2460
c780
p6657
c748 c456
p2149
c205 c394
p6311
c781 c785
p2483
c773
p8667
c496 c88 c575
p895
c279
p370
c395 c567 c479 c118
p8675
c69
p8911
c668
p8731
c533
p1088
c397 c511 c111 c752
p510
c20 c596
p890
c552
p6614
c226
p247
c334 c169
p174
c205 c375
p4653
c660 c24 c290
p3243
c664
p1534
c357 c233
p5843
c346
p8948
c457
p3206
c622
p2292
c197
p8277
c16 c332
p8582
c182 c482
p4066
c323
p2473
c208
p3352
c157
p6042
c798
p6625
c782 c699
p9111
c136
p7168
c86
p7389
c316
p2695
c461 c246 c255
p8103
c449 c547
p4754
c76 c96
p2794
c493 c364
p418
c736
p3504
c399
p643
c233 c694
p1346
c675 c781 c558
p4801
c325
p9390
c588
p9238
c204
p4623
c254
p8038
c308
p1177
c142
p7577
c409
p3703
c159
p5023
c417
p7728
c612
p5039
c548 c726
p7870
c474 c585 c135
p51
c466
p1389
c219
p1339
c703
p8265
c301
p6093
c124 c46
p6712
c515
p4542
c633
p1841
c538 c195 c736
p3549
c639
p6606
c569 c160
p5354
c586
p4046
c449 c341 c539 c239
p5133
c673
p7296
c135
p8082
c364 c428
p4939
c290
p4729
c685
p6939
c178 c450
p859
c371 c230
p3443
c195
p8694
c155 c50
p7420
c224
p3081
c374 c373
p1490
c426
p4724
c201 c743 c512
p354
c323
p5170
c651
p7975
c21 c518
p3043
c322
p6988
c284
p6388
c21 c659
p5972
c689
p4234
c474 c510
p8870
c298 c31
p240
c92
p5042
c656
p2485
c552
p131
c319 c102 c256
p958
c132
p9215
c593
p6722
c85 c265 c105
p2584
c45
p2307
c102
p5871
c623
p6916
c11 c39
p1020
c122
p5615
c655 c749
p7958
c254
p8004
c294 c146
p9043
c790 c789
p8451
c404
p6250
c112 c433
p6923
c368
p9780
c684 c696
p7670
c519
p1651
c443 c421 c619 c495
p2594
c61
p136
c35
p2910
c271 c355 c795
p1155
c566 c309
p4478
c401
p301
c793
p9690
c367
p6921
c589
p383
c625
p4846
c95
p3931
c247
p9731
c215 c425 c783
p7103
c335
p2232
c50
p3892
c271
p7257
c416
p2639
c737 c598 c591
p5299
c788 c779
p2169
c30
p9431
c758 c375
p1039
c700
p8693
c308 c43
p6387
c778
p9801
c456
p6538
c613 c797 c736 c636
p770
c634
p5622
c303
p3885
c710 c631
p3391
c436 c530 c382
p4609
c504
p8043
c262 c156 c331 c389
p9834
c604
p2270
c3 c515 c653
p5320
c216 c699 c774
p5649
c26
p4202
c36
p8893
c238
p1
c411
p6169
c96
p2004
c678
p7602
c416 c340
p2068
c524
p2682
c233 c352 c248
p9740
c292 c11
p1615
c678 c61
p3115
c402 c520
p2859
c275
p7323
c151
p1649
c433
p8298
c578
p162
c375
p5130
c607 c298 c559
p8705
c561 c438
p7942
c675 c109
p1381
c367
p6982
c541
p7815
c761
p597
c475
p3276
c155
p3208
c193
p8590
c151
p8416
c347
p9316
c716
p9700
c775
p560
c478
p1260
c275
p1167
c341 c640
p3109
c418 c322 c499
p9582
c93 c40
p9036
c624
p9723
c279 c569
p7429
c113
p924
c139
p3820
c630 c699
p6608
c289
p6088
c621
p6342
c48
p6286
c663
p8234
c523 c573
p2787
c692
p3479
c16 c763
p236
c476 c66 c343
p8729
c23 c488
p1633
c60 c332
p8715
c474
p9840
c712 c716
p7972
c150
p4276
c349
p1501
c397 c502 c234
p7502
c633
p6207
c286
p7698
c772
p9908
c58
p9867
c227
p25
c635 c28 c74 c275
p8801
c318
p8046
c486
p6707
c42 c130 c526
p7357
c308 c138 c694
p3000
c83
p3860
c520
p5959
c313 c105
p8440
c316
p3020
c740 c191
p7742
c643
p4281
c587 c123
p9648
c483
p4933
c543 c94
p4346
c646 c59
p246
c383
p3040
c409
p3174
c494
p1468
c4
p675
c773
p8294
c107 c586
p9201
c583
p2204
c599 c61 c244
p9879
c349 c503
p7441
c439 c391 c761
p782
c304
p38
c416
p8920
c207
p4142
c259
p5016
c768 c714 c479 c190
p3030
c169 c572
p4217
c126 c463
p2548
c781 c99 c87
p6410
c327 c14
p9880
c748 c41
p52
c637 c149
p7674
c270
p4635
c437 c759
p5545
c56
p6980
c585 c453 c366 c473
p3544
c33
p6775
c122 c212
p2092
c643
p8772
c45
p8569
c584 c336
p5128
c338
p9120
c787 c17
