573
p5016
c768 c714 c479 c190
p25
c635 c28 c74 c275
p7986
c347 c355 c382 c393
p7663
c262 c795 c640 c727
p8043
c262 c156 c331 c389
p7441
c439 c391 c761
p6107
c402 c416 c81
p6707
c42 c130 c526
p9653
c260 c467 c526
p7247
c245 c663 c323
p1351
c348 c273 c304
p6538
c613 c797 c736 c636
p2204
c599 c61 c244
p5361
c684 c551 c142
p7260
c650 c653 c90
p7721
c542 c101 c500
p7447
c796 c170 c248
p2179
c10 c641 c469 c191
p5320
c216 c699 c774
p3109
c418 c322 c499
p6980
c585 c453 c366 c473
p6123
c588 c745 c516
p3397
c12 c44 c227 c310
p236
c476 c66 c343
p3020
c740 c191
p370
c395 c567 c479 c118
p5525
c107 c58
p6836
c3 c394
p5959
c313 c105
p817
c407 c654
p9120
c787 c17
p6548
c510 c117
p1651
c443 c421 c619 c495
p9731
c215 c425 c783
p5809
c221 c317
p3391
c436 c530 c382
p9740
c292 c11
p7867
c202 c454
p2270
c3 c515 c653
p3115
c402 c520
p9582
c93 c40
p3403
c233 c27
p1841
c538 c195 c736
p6974
c554 c29
p5709
c106 c144 c603
p5130
c607 c298 c559
p5343
c781 c131 c405
p8860
c468 c322
p5055
c118 c564
p1561
c556 c444
p7357
c308 c138 c694
p2762
c43 c168
p6775
c122 c212
p9723
c279 c569
p8857
c679 c748 c31
p9880
c748 c41
p9788
c114 c690
p6861
c208 c56
p7287
c735 c337
p3479
c16 c763
p436
c357 c388
p9819
c147 c539 c480
p7303
c220 c159 c463
p4281
c587 c123
p52
c637 c149
p2548
c781 c99 c87
p1155
c566 c309
p4200
c733 c610
p1088
c397 c511 c111 c752
p7942
c675 c109
p5639
c87 c752
p4653
c660 c24 c290
p9840
c712 c716
p9360
c488 c266 c606
p6385
c491 c773 c742
p8028
c770 c676
p8004
c294 c146
p5299
c788 c779
p4471
c356 c351
p6892
c643 c591
p9836
c259 c474 c511 c46
p9246
c259 c214
p8896
c125 c5 c516
p617
c734 c289 c722 c749
p6939
c178 c450
p2910
c271 c355 c795
p5415
c708 c296
p1501
c397 c502 c234
p4933
c543 c94
p6722
c85 c265 c105
p8569
c584 c336
p2794
c493 c364
p2133
c632 c326 c57
p9043
c790 c789
p6410
c327 c14
p9104
c408 c494
p3030
c169 c572
p4685
c707 c766
p2639
c737 c598 c591
p1633
c60 c332
p8277
c16 c332
p8398
c597 c468 c102
p2695
c461 c246 c255
p114
c757 c258 c457
p6657
c748 c456
p8582
c182 c482
p5615
c655 c749
p1167
c341 c640
p4635
c437 c759
p5039
c548 c726
p8648
c795 c265 c97
p859
c371 c230
p9780
c684 c696
p247
c334 c169
p8693
c308 c43
p7870
c474 c585 c135
p6250
c112 c433
p7766
c431 c484 c695
p6093
c124 c46
p8234
c523 c573
p2369
c41 c457
p7530
c506 c312
p8818
c453 c39
p2149
c205 c394
p2682
c233 c352 c248
p9122
c107 c102
p1615
c678 c61
p174
c205 c375
p4217
c126 c463
p2781
c684 c40
p6996
c675 c585
p7975
c21 c518
p2873
c695
p3544
c33
p5092
c165
p3291
c156 c583 c765
p6179
c616
p4724
c201 c743 c512
p2092
c643
p6606
c569 c160
p8490
c795
p3576
c308
p5772
c259 c466 c134 c267
p4046
c449 c341 c539 c239
p4670
c627 c513 c194
p846
c665 c313 c194
p6803
c625
p6186
c400 c791
p9007
c373 c186
p1379
c29
p8694
c155 c50
p54
c695 c398
p2509
c70 c265
p8772
c45
p1282
c623
p8294
c107 c586
p560
c478
p8487
c142 c393
p7098
c286 c325
p2410
c356 c760
p8721
c78
p131
c319 c102 c256
p9067
c404 c401 c643 c331
p8082
c364 c428
p5568
c616 c53 c62
p7815
c761
p1346
c675 c781 c558
p348
c539 c640
p9879
c349 c503
p3900
c305 c330
p6286
c663
p8700
c10 c745
p1019
c545 c401 c683 c382
p9700
c775
p2159
c195
p4234
c474 c510
p8361
c266 c45
p7602
c416 c340
p1929
c660 c529
p7151
c154 c337 c777
p4235
c67 c226
p4346
c646 c59
p8298
c578
p5545
c56
p8738
c84 c614 c506
p3208
c193
p1084
c62
p8280
c714 c680
p38
c416
p5164
c96
p3405
c505
p4403
c97
p8046
c486
p6625
c782 c699
p8440
c316
p597
c475
p336
c236 c153
p8705
c561 c438
p6832
c728 c144
p8352
c27
p3444
c659
p9431
c758 c375
p6387
c778
p73
c474 c659
p284
c317
p1381
c367
p301
c793
p5209
c237
p9215
c593
p825
c120 c296
p5622
c303
p2307
c102
p3174
c494
p8870
c298 c31
p8212
c154 c292
p9201
c583
p7722
c697 c181 c73
p6608
c289
p1260
c275
p3820
c630 c699
p3885
c710 c631
p7958
c254
p6207
c286
p2402
c171 c317
p6604
c112 c106 c15 c489
p7096
c751 c218
p5888
c764
p6188
c356 c611
p4584
c273 c766 c774
p8451
c404
p7698
c772
p8729
c23 c488
p2266
c1 c332 c572
p5649
c26
p7314
c245 c47 c586 c55 c157
p8978
c137 c100
p6487
c582
p1649
c433
p1536
c550 c397
p8920
c207
p9908
c58
p7670
c519
p3081
c374 c373
p3504
c399
p4490
c384
p9834
c604
p1303
c607
p3539
c76 c722
p2584
c45
p1024
c705
p3892
c271
p8061
c130 c778
p7728
c612
p1778
c464 c439
p6766
c220 c71 c115 c531
p354
c323
p9238
c204
p6674
c479 c31
p4427
c132
p6916
c11 c39
p3000
c83
p1618
c409 c563
p2076
c480
p1579
c347
p8667
c496 c88 c575
p8216
c251 c139
p8131
c567 c520
p8813
c132 c694 c752
p2693
c198
p8038
c308
p2004
c678
p5945
c776 c244
p4358
c401 c521 c314
p6388
c21 c659
p4478
c401
p958
c132
p6342
c48
p2232
c50
p136
c35
p9664
c507 c765
p9111
c136
p6982
c541
p6088
c621
p357
c83 c512
p51
c466
p5128
c338
p9648
c483
p6988
c284
p3040
c409
p7522
c538 c109 c492 c290
p1339
c703
p9259
c719 c438 c200 c142
p4407
c724
p6938
c180 c339 c750 c544
p6166
c542 c323 c234
p162
c375
p8590
c151
p890
c552
p6801
c86
p5291
c652 c481
p7259
c320
p4803
c205 c392
p4276
c349
p7577
c409
p4142
c259
p139
c60 c386
p4609
c504
p7168
c86
p8416
c347
p2046
c734 c688
p8473
c508
p3443
c195
p7742
c643
p8450
c237 c514
p8387
c614
p8911
c668
p2859
c275
p7323
c151
p4801
c325
p2068
c524
p3999
c680
p2594
c61
p9316
c716
p3117
c231 c779
p6596
c190
p9867
c227
p3860
c520
p7674
c270
p6384
c45 c217
p2169
c30
p3061
c687
p6311
c781 c785
p7910
c273 c101
p727
c350 c102
p8577
c285
p683
c502
p9278
c46 c162
p7554
c489
p1214
c659 c559
p1
c411
p8103
c449 c547
p1239
c382
p3909
c676
p7348
c271 c69
p5972
c689
p7296
c135
p7502
c633
p6712
c515
p666
c298 c256
p7983
c378 c2
p2473
c208
p7429
c113
p8893
c238
p9801
c456
p9036
c624
p7258
c547
p2787
c692
p1759
c585
p2338
c577 c169
p8343
c250 c178
p510
c20 c596
p7972
c150
p7389
c316
p4846
c95
p9249
c767 c454
p7082
c77 c771
p1039
c700
p7233
c202 c713
p2990
c470 c162
p2238
c225
p4542
c633
p675
c773
p1801
c350 c105
p9390
c588
p246
c383
p3361
c148
p2729
c424
p3276
c155
p8207
c576
p9690
c367
p275
c790 c199
p3543
c239
p716
c337
p782
c304
p8316
c758 c136
p5042
c656
p1420
c179 c24
p7651
c249
p183
c638
p6046
c473
p240
c92
p3206
c622
p1177
c142
p225
c498
p1468
c4
p7103
c335
p8535
c233
p5532
c780
p383
c625
p8247
c646 c46
p87
c109 c468
p1287
c348 c633
p7220
c407 c563
p353
c667 c40
p3034
c290
p8180
c253 c31
p770
c634
p9379
c371
p2575
c37 c73
p4193
c443 c466
p4202
c36
p3352
c157
p4965
c719
p3379
c683
p1389
c219
p4066
c323
p501
c545
p8801
c318
p8715
c474
p4855
c113 c165
p3108
c89 c797
p7356
c324 c627
p5843
c346
p5871
c623
p3681
c104
p418
c736
p5354
c586
p2292
c197
p3550
c588
p6643
c454
p3983
c293
p8731
c533
p7868
c756
p875
c57
p9489
c337
p4623
c254
p6923
c368
p895
c279
p2703
c648
p4269
c429
p7189
c560
p3043
c322
p8565
c401 c85
p2274
c268 c567 c748 c219
p7420
c224
p8265
c301
p9110
c481
p8962
c553
p3360
c654
p2485
c552
p9108
c607 c368
p3559
c413 c358
p2802
c266 c4
p77
c579
p3106
c757 c362
p7914
c419
p4939
c290
p8399
c636
p3556
c171 c543 c574
p9502
c266
p4146
c214
p3953
c286
p2616
c514
p8834
c492 c520
p4950
c543 c314
p8989
c535 c768
p8529
c754
p8205
c488
p7437
c109
p3145
c93
p8675
c69
p4345
c368
p763
c625 c644
p8338
c224 c129
p1354
c294
p9133
c380
p7152
c388
p6874
c561
p1001
c69
p7992
c555 c391
p2382
c30 c282
p2953
c213 c7
p1594
c251
p568
c720
p5443
c211
p7912
c1
p6805
c763
p238
c637
p8510
c689
p1427
c699
p4292
c148
p7122
c64
p4076
c176
p6525
c74
p4340
c787
p3629
c17
p5850
c286 c774
p6575
c7
p4858
c715 c316
p6106
c96
p7396
c150
p6440
c324 c750
p1731
c457
p1712
c632
p5636
c86
p7784
c124
p5369
c586
p9695
c223
p6698
c660
p4329
c483 c447
p6917
c646
p7779
c308
p8145
c488
p4392
c463
p4461
c577
p5766
c775
p214
c230
p7599
c542
p9192
c120
p562
c154 c307
p422
c0
p5372
c418 c680
p173
c274
p6493
c571
p1154
c587 c99 c761
p6842
c83
p2603
c544
p8077
c771
p3088
c619
p9991
c288
p2592
c251
p79
c537
p8604
c416
p3682
c595 c380
p7131
c715
p4572
c585
p53
c346 c504
p9669
c639 c280
p4773
c227
p7236
c311 c271 c630 c334 c526
p2062
c413
p7536
c757
p425
c536
p847
c279
p8196
c629
p5795
c303 c352
p6825
c589
p4985
c419
p8311
c768
p9961
c710
p3943
c315
p3545
c502
p9410
c214
p1350
c553 c94
p4330
c634 c119
p6679
c282
p155
c633
p6161
c656
p179
c529 c634
p4680
c230 c228
p4135
c472
p9
c67
p2625
c21 c199 c649
p6668
c682
p2632
c109
p7507
c351
p3195
c378 c96
p2966
c554
p8526
c266
p7810
c115
p6066
c597
p8570
c332
p2085
c585
