69
MarsUltrav8
PhilippI SergeyU SusanQ PhilippP StefanQ BenjaminT RuthX PetarF MatasW
StreamXv6
BenjaminO JenK SergeyN ClementM ClementT
GlassOSLitev9
FionaJ BakhodirG SundarA PhilippK PrabhakarR PhilippH
DuoZv2
PhilippY SundarP FionaF
MapsProv8
HiroshiW SergeyT BakhodirD
FeedBurnerMaxv3
TatiyanaC LarryO
DaydreamLitev7
BakhodirW
MarsXv1
HiroshiF ClementT MichalB MatasH
StreamXv9
LarryO
ExploreUltrav8
BakhodirD ClementM SundarL PrabhakarR FionaJ SusanQ ClementE
SmartSv2
FionaF BakhodirW PhilippK BenjaminT FionaN
AndroidAutoZv2
PhilippH JenK PhilippI LarryX SergeyU
SmartLitev9
JenZ ThomasK PhilippP
DocsNextv2
SundarP MatasC ClementL
FuchsiaXv6
SergeyV SundarA
GameProv3
PhilippY
GameProv6
LarryO SusanQ StefanQ
MarsLitev5
BakhodirD TatiyanaC
ResearchXv8
SundarP ClementM BenjaminO MatasC ClementE
FuchsiaLitev6
PhilippY BenjaminT ThomasK ClementT BakhodirW PhilippI SergeyV
GameLitev8
PhilippP PhilippK MatasW SergeyN
SlidesNextv2
JenZ PhilippH
SitesSv1
SergeyU ClementL
ConnectLitev9
SundarA
StreetViewXv1
TatiyanaC JenK FionaF
ReleaseUltrav1
FionaJ BakhodirD
DuoZv4
ThomasK SundarP LarryX ClementT PhilippK RuthX ThomasM
BloggerNextv8
PhilippP ClementE MatasW SundarL
ShoppingProv8
FionaN PhilippI
PhotoProv3
SergeyT HiroshiF BakhodirD SusanQ MichalP SergeyV SergeyU
ShortsNextv7
FionaF PhilippY PrabhakarR
StreetViewProv9
SundarA MatasC ClementE MatasW HiroshiB PhilippK NellyY LarryO
WebserverProv6
PhilippP
CastOSProv6
LarryX
FeedBurnerMaxv1
MichalB ThomasK ClementL PrabhakarR
AlertsLitev7
SergeyN HiroshiF SergeyT BenjaminT
ChromeNextv7
JenG BakhodirD PhilippY
ClassroomMaxv2
TatiyanaC SusanQ
AndroidTVNextv1
MatasC NellyX SergeyV LarryO PhilippP ThomasM SergeyU SundarL
GlassOSSv3
MatasW JenZ
AndroidTVMaxv5
PrabhakarR SundarP PhilippK
WearOSLitev5
NellyY BakhodirD TatiyanaC JenK PhilippI
AssistantUltrav2
MatasC SergeyU StefanQ MichalP BenjaminO PhilippP
StreetViewNextv3
SusanQ PhilippH JenZ
SearchNextv1
SergeyV ThomasM MichalB SundarP ThomasK
CollectionsZv7
HiroshiW SundarL BakhodirD PhilippI SundarA SergeyN ClementT
StadiaZv1
TatiyanaC ClementM BenjaminT PhilippP
BuildMaxv1
MichalB RuthX NellyY BakhodirG SergeyV
ChromeOSUltrav5
HiroshiB PhilippH SergeyU HiroshiW PhilippK ClementL
DreamSv2
SusanQ PhilippP SergeyN LarryO PhilippI MatasW
SitesUltrav5
SergeyU PhilippI MatasW TatiyanaC LarryX SergeyT PhilippY SundarP
KeepXv5
PhilippP HiroshiF MichalP
MoonMaxv4
MichalP HiroshiW FionaF SundarA BenjaminO ThomasM StefanQ ThomasK HiroshiF BakhodirD
DuoMaxv1
ClementT NellyY PhilippI PhilippP ClementL
VoiceProv8
MatasW ClementE MatasC ClementM TatiyanaC
StadiaZv2
PetarF JenZ MichalP FionaF ThomasK MatasH
ChromeOSLitev3
PhilippP HiroshiW PhilippY
SkyLitev6
TatiyanaC ThomasM PhilippI
MapsSv7
SundarA PhilippK FionaF LarryO ClementM ThomasK MatasW LarryX ClementE BakhodirD
ChatSv4
TatiyanaC PetarF PhilippP JenZ
DataZv2
SusanQ ThomasM ClementM FionaF StefanQ PhilippH SergeyN SergeyT
MapsUltrav3
TatiyanaC HiroshiW PhilippP
PhoneUltrav1
BenjaminO LarryO ThomasM BakhodirW StefanQ
StreetViewUltrav4
HiroshiW SergeyU JenZ
CastOSNextv8
LarryO LarryX ClementM PetarF ThomasM BenjaminO NellyY TatiyanaC
SantaTrackerXv4
HiroshiW ThomasM ClementE PetarF ClementL FionaJ SergeyU PhilippH SusanQ MichalP
WearOSProv2
FionaN NellyY SergeyV PhilippY FionaJ ThomasM MatasW PhilippH StefanQ
WebserverProv4
HiroshiF NellyX PhilippP PhilippI PhilippH ClementE SergeyU MatasW PhilippY
CultureProv7
MatasW TatiyanaC PhilippY SergeyU FionaJ ThomasM BenjaminO ClementE
