50
ChromeLitev7
c740 c185 c331 c960 c1065 c1296 c641 c459 c949 c461 c325 c1074 c1324 c1205 c204 c908 c632 c950 c83 c0 c11 c1163 c1116 c257 c432 c642 c193 c1449 c48 c453 c1345 c1352 c1360 c1055 c517 c277 c1100 c466 c245 c530 c425 c564 c320 c1260 c1445 c1029 c137 c310 c330 c921 c1366 c279 c909 c662 c856
ClassroomProv4
c1161 c407 c991 c676 c803 c145 c184 c1481 c780 c800 c1075 c956 c799 c682 c23 c1257 c135 c382 c881 c649 c68 c675 c1383 c865 c788 c470 c680 c1254 c615 c845 c20 c439 c31 c95 c603 c1043 c588 c957 c847
PatentsLitev8
c111 c294 c326 c1094 c436 c1450 c1456 c738 c386 c1170 c826 c884 c323 c701 c242 c1144 c90 c1342 c1467 c599 c105 c1182 c398 c1419 c1070 c679 c869 c1138 c817 c165 c744 c1490 c1473 c1397 c454 c422 c816 c41 c852 c120 c1422 c787 c737 c1316 c793 c394 c1275 c417 c907
SkyXv9
c1322 c235 c350 c1153 c1270 c149 c1040 c1118 c42 c1361 c1252 c1292 c162 c1049 c1169 c477 c527 c1033 c293 c846 c999 c626 c76 c839 c183 c1236 c72 c829 c153 c1343 c387 c1096 c1130 c1277 c1433 c1371 c1223 c782 c1368 c55 c828 c368 c1245 c904 c966 c46 c151 c264 c779 c1156
DatabaseUltrav7
c784 c1073 c408 c1173 c491 c378 c964 c901 c539 c223 c334 c1126 c678 c994 c553 c882 c1319 c486 c411 c329 c278 c1438 c1378 c462 c1046 c390 c58 c1204 c1478 c414 c275 c1251 c1367 c1177 c513 c291 c584 c442 c410 c1105 c495 c1086 c1083 c1387 c1492 c6 c1256 c624 c1048 c50 c993 c1079 c712 c851 c26 c1224
TranslateProv2
c1391 c388 c401 c1283 c1172 c1401 c1219 c265 c1076 c1050 c878 c1134 c628 c1400 c1395 c1243 c99 c1320 c1398 c211 c939 c1440 c343 c311 c1023 c548 c155 c995 c818 c645 c1372 c249 c533 c123 c537 c304 c1325 c1019 c1363
AndroidSv3
c270 c1470 c554 c766 c959 c892 c928 c202 c487 c65 c899 c518 c664 c797 c97 c200 c434 c844 c558 c80 c1253 c700 c1265 c1054 c413 c814 c1418 c77 c751 c112 c415 c890 c683 c1090 c92 c1064 c560 c225 c228 c938 c94 c812 c132 c73 c538 c589 c952 c697
SkyNextv7
c1196 c1291 c1299 c561 c898 c920 c1271 c501 c1337 c1468 c336 c1389 c648 c100 c825 c526 c1123 c188 c833 c1129 c1461 c170 c1491 c699 c986 c455 c1218 c842 c858 c1264 c540 c750 c625 c353 c56 c734 c946 c1093 c426 c1385 c574
StorageUltrav2
c1373 c965 c268 c767 c3 c1488 c795 c176 c36 c1232 c1225 c1365 c591 c121 c1381 c715 c1067 c945 c807 c1165 c1184 c919 c1423 c1195 c1266 c612 c1037 c1241 c348 c1157 c961 c1451 c821 c1305 c266 c719 c1411 c366 c1214 c198
NewsXv4
c308 c977 c614 c167 c542 c924 c1191 c1234 c1080 c677 c1230 c1242 c355 c1284 c1280 c29 c879 c658 c654 c32 c468 c1231 c824 c110 c1186 c665 c1282 c4 c303 c444 c86 c742 c1032 c1210 c208 c1059 c1015 c267 c954 c1078
LearnProv6
c967 c219 c897 c1141 c667 c733 c1198 c669 c634 c819 c975 c53 c230 c290 c327 c622 c500 c1124 c1057 c650 c1421 c673 c915 c1213 c472 c1155 c384 c1406 c1444 c395 c854 c747 c703 c652 c148 c1349 c134 c78 c133 c174 c1237 c610 c1317 c1151 c571 c299 c1255 c374 c271 c1469
FormsNextv5
c14 c1448 c579 c707 c1127 c1016 c1350 c510 c894 c1326 c759 c1487 c1099 c107 c154 c1388 c446 c1041 c67 c1318 c82 c910 c287 c647 c57 c1146 c1207 c61 c175 c985 c60 c88 c1140 c1104 c827 c932 c730 c224 c171 c1018 c274 c172 c1379 c1164 c931 c1051 c983 c551 c929 c344 c602 c1417 c577 c351 c781
FinanceLitev1
c1002 c1279 c504 c339 c1431 c891 c783 c1394 c689 c1143 c575 c1374 c1009 c359 c926 c1416 c142 c1429 c1472 c893 c1114 c393 c475 c660 c233 c460 c463 c511 c385 c687 c837 c263 c18 c221
SlidesZv6
c843 c338 c476 c346 c686 c963 c157 c1176 c1341 c1441 c1185 c725 c936 c1407 c1007 c1039 c1405 c87 c70 c1217 c813 c971 c1001 c769 c5 c723 c889 c1180 c253 c380 c568 c962 c1439 c1294 c692 c1108 c1101 c976 c514 c989 c1315
PatentsProv3
c546 c298 c1269 c638 c332 c1188 c764 c978 c337 c1499 c64 c1428 c229 c823 c1171 c982 c498 c874 c1216 c573 c1095 c1357 c809 c96 c118 c1077 c1106 c255 c761 c140 c876 c379 c13 c273 c333 c1493 c776 c47
FuchsiaZv7
c979 c66 c248 c596 c114 c716 c1028 c739 c362 c427 c1175 c1098 c801 c672 c21 c855 c714 c1226 c146 c16 c1351 c315 c525 c822 c549 c457 c213 c570 c1376 c1179 c240 c841 c693 c1289 c506 c968 c9 c900 c1022 c1005 c834 c218 c373 c1403 c802 c367 c195 c806 c305 c925 c307 c1479 c762 c292 c372 c543 c534
ChromecastZv5
c902 c1166 c1392 c604 c1310 c424 c1206 c101 c1058 c1390 c1063 c923 c173 c209 c1072 c452 c831 c1489 c1115 c1248 c191 c1139 c998 c1062 c194 c1339 c850 c940 c864 c205 c465 c1110 c1240 c322 c247 c875 c1346 c164 c40 c955 c1301
PhotoSv9
c773 c805 c226 c375 c1425 c1 c848 c849 c1303 c412 c1494 c160 c1288 c866 c447 c364 c630 c1085 c757 c182 c557 c180 c1272 c770 c606 c745 c590 c1333 c536 c1452 c1081 c433 c532 c127 c1276 c1208 c478 c1211 c550 c283 c895 c1304 c1454 c357 c231 c656 c1087 c1135 c75 c1268 c877 c1249 c520
VoiceNextv7
c863 c544 c668 c871 c1160 c918 c98 c493 c81 c448 c794 c1233 c704 c690 c482 c397 c335 c1290 c1415 c621 c987 c969 c917 c423 c681 c857 c556 c512 c1369 c1092 c528 c300 c39 c450
DatasetSearchZv7
c1281 c241 c488 c261 c765 c464 c1474 c306 c1355 c942 c1273 c392 c763 c1060 c914 c1286 c727 c519 c396 c903 c125 c728 c1122 c12 c69 c916 c671 c1066 c636 c785 c289 c1113 c1008 c586 c318 c215 c947 c1109 c1014 c1410 c1030 c281 c567 c953 c705 c1183 c670 c736
GameSv2
c1162 c189 c661 c27 c1436 c421 c1447 c115 c1409 c578 c724 c1147 c1031 c371 c1362 c1136 c360 c1222 c136 c1420 c1386 c1133 c646 c356 c1112 c772 c815 c529 c1149 c481 c1089 c1375 c868 c485
DaydreamUltrav1
c1302 c102 c778 c1013 c973 c301 c1027 c951 c1107 c886 c1052 c1011 c30 c297 c860 c598 c1263 c1335 c285 c1103 c1348 c197 c166 c1396 c1068 c324 c605 c688 c52 c1455 c992 c1336 c259 c1354 c754 c156 c159 c990 c1190 c922 c547 c1120 c1382 c1187 c113
FlightsSv2
c1338 c1427 c1069 c933 c608 c483 c239 c1181 c347 c312 c10 c319 c1285 c1298 c576 c912 c713 c59 c1192 c853 c1034 c663 c220 c480 c505 c583 c469 c62 c192 c22 c883 c1209 c106 c91 c269 c251 c429 c108 c1025 c1412 c1332 c404 c85 c234 c1003 c71 c1435 c1154
LoggingProv9
c503 c1082 c1202 c84 c798 c1471 c565 c595 c489 c1119 c1446 c1482 c389 c1393 c54 c1189 c405 c258 c633 c887 c696 c997 c177 c913 c1278 c1212 c623 c1465 c743 c445 c1036 c1413 c1334 c1102 c698 c484 c381 c1194 c1344 c449 c201 c516 c935 c400 c1377 c944
FormsNextv1
c317 c709 c1485 c399 c203 c777 c1121 c541 c786 c582 c345 c1056 c1042 c227 c232 c254 c129 c43 c666 c143 c144 c207
PhotoNextv6
c943 c190 c631 c1238 c859 c409 c572 c1035 c509 c1498 c597 c996 c601 c443 c365 c1045 c276 c1477 c104 c1053 c473
ShoppingUltrav8
c1044 c1247 c722 c28 c435 c341 c619 c1174 c178 c361 c499 c1071 c309 c1203 c930 c358 c1132 c1475 c7 c835 c1091 c1464 c774 c611 c559 c1199
ShoppingNextv6
c732 c24 c302 c885 c1462 c420 c1024 c1308 c1495 c369 c428 c1370 c406 c1295 c655 c720 c377 c416 c810 c497 c1168 c1158 c1258 c905 c1137
PhotoProv2
c340 c1250 c1125 c748 c163 c861 c729 c524 c152 c629 c124 c1313 c206 c63 c1408 c79 c746 c1227 c790 c492 c391 c958 c431 c1327 c342 c1220 c820 c1443 c19
CurrentsLitev2
c1197 c1496 c246 c130 c168 c613 c51 c1145 c1026 c147 c131 c179 c789 c1131 c1466 c280 c522 c25 c1321 c328 c535 c161 c1309 c1329 c119 c1476 c217 c627 c419 c187 c836 c370 c768 c1328 c1244 c1340
CastOSSv8
c972 c222 c126 c1010 c1159 c585 c1432 c74 c984 c199 c1402 c150 c521 c169 c243 c237 c796 c418 c1460 c440
StreetViewLitev5
c580 c1020 c214 c804 c1111 c927 c756 c479 c1353 c1323 c1150 c708 c508 c103 c502 c888 c93 c1128 c250 c1426 c1480 c711 c1380 c238 c1430 c286 c592 c640 c38 c545 c1162 c1457 c651 c694 c37 c1420 c451 c236 c1222 c116 c1386 c868 c1384 c637 c485 c980 c1221 c752 c581 c1235 c735 c256 c456
AndroidTVSv9
c1142 c242 c321 c771 c811 c1261 c1287 c738 c1215 c531 c884 c852 c1070 c314 c741 c691 c1133 c562 c1434 c937 c394 c717 c1473
DaydreamZv6
c1043 c1297 c833 c830 c430 c793 c495 c111 c136 c988 c775 c481 c320 c186 c349 c425 c310 c1088 c1306 c436 c840 c826 c196 c869 c468 c1330 c1138 c1089 c1252 c34 c695 c1105 c780 c359 c153 c334 c329 c1277 c880 c1292 c1144 c599 c295 c403 c1034 c642 c1422 c659 c1488 c1149 c686 c55 c120 c139 c664 c181 c744
StreamXv2
c30 c1097 c73 c463 c1442 c1414 c1409 c458 c1047 c1147 c1383 c1352 c1418 c1424 c355 c500 c518 c189 c294 c678 c438 c31 c737 c367 c838 c385 c1036 c755 c1497 c999 c1381 c1342 c267 c1343 c760 c1013 c471 c1458 c1170 c1067 c981 c1490 c1098 c639 c632 c1260 c27 c0 c1029 c1265 c115 c170 c33 c1397 c1116 c1246 c641 c740 c515
CurrentsXv7
c1291 c142 c1484 c701 c966 c628 c1064 c803 c1169 c1184 c122 c1225 c817 c47 c679 c1398 c407 c594 c249 c412 c454 c1239 c371 c151 c402 c29 c35 c361 c162 c331 c245 c338 c799 c469 c1224 c1296 c158 c496 c792 c1092 c564 c1338 c1112 c1038 c557 c1419 c1177 c572 c20
ChartsLitev5
c617 c395 c441 c135 c470 c643 c620 c1229 c1182 c593 c1337 c892 c1006 c1259 c1046 c1368 c558 c11 c117 c202 c1091 c565 c137 c878 c743 c814 c1096 c278 c657 c90 c1322 c1406 c523 c851 c832 c1399 c356 c530 c1411 c83 c132 c1271 c439 c870 c614 c1293 c1349 c262 c706 c1019
StreamZv6
c1311 c911 c1080 c1050 c807 c635 c573 c263 c1100 c252 c1345 c1486 c507 c296 c669 c1065 c1356 c193 c297 c229 c917 c1106 c856 c1267 c1039 c491 c143 c1461 c1437 c1136 c1272 c991 c128 c401 c106 c653 c1031 c244 c1172 c1048 c374 c649 c112 c1217 c1280 c688 c915 c227 c749 c58 c561 c293 c828 c788
BloggerProv4
c282 c1361 c1117 c308 c710 c323 c912 c15 c1236 c426 c578 c382 c1049 c42 c433 c1477 c1423 c787 c1012 c1493 c989 c1242 c152 c992 c1262 c1152 c1198 c316 c260 c1178 c76 c1004 c587 c1017 c1300 c44 c1094 c1205 c948 c907 c121 c536 c1453 c967 c1045 c908 c1315 c591
WearOSMaxv1
c326 c538 c889 c862 c1389 c417 c962 c918 c960 c324 c644 c383 c350 c1494 c411 c2 c559 c1270 c210 c563 c1360 c533 c354 c772 c1491 c618 c1364 c616 c1077 c8 c1305 c974 c1204 c1456 c1269 c612 c529 c1130 c1275 c124 c442 c288 c994 c461 c909 c1228 c517 c537 c702 c766 c453 c1231 c1290 c1187 c1449 c906 c675 c346
DrawingsLitev8
c665 c284 c1001 c926 c767 c1444 c109 c624 c1316 c72 c1032 c1274 c1421 c621 c1471 c18 c497 c865 c605 c615 c1055 c1404 c882 c725 c1357 c299 c631 c607 c1233 c553 c867 c325 c1028 c99 c45 c410 c692 c174 c218 c502 c303 c1314 c414 c964 c1407 c812 c513 c368 c1468 c165 c1373 c6 c514 c80
SitesMaxv7
c1299 c816 c1366 c1483 c1312 c648 c422 c1276 c526 c511 c388 c853 c271 c1254 c661 c822 c311 c448 c1057 c163 c22 c376 c539 c270 c1167 c182 c945 c754 c1445 c825 c779 c235 c487 c1436 c1450 c685 c1090 c987 c1078 c795 c1433 c1129 c52 c369 c1243 c704 c1363 c684 c68 c921 c842 c48 c1289 c750 c413 c978
DaydreamProv6
c1079 c976 c958 c968 c928 c10 c952 c1439 c1171 c1151 c506 c847 c226 c75 c1467 c844 c1200 c387 c1011 c1061 c1219 c1452 c943 c378 c1044 c776 c41 c1024 c211 c474 c1005 c341 c629 c466 c298 c389 c742 c486 c922 c819 c837 c123 c455 c1266 c1118 c1380 c782 c1378 c1120 c149 c1304 c757 c408 c24 c949 c1334 c1211 c176
SlidesXv7
c1263 c608 c1218 c930 c240 c498 c712 c79 c791 c891 c1416 c1180 c23 c490 c503 c896 c236 c1214 c935 c91 c1042 c1307 c993 c1101 c860 c818 c1059 c927 c839 c71 c221 c435 c145 c1125 c1168 c756 c216 c610 c1485 c609 c1441 c1025 c1405 c1470 c938 c1469 c835 c1227 c954 c345 c834 c305 c1344 c144
GroupsProv2
c861 c512 c360 c986 c59 c1374 c1237 c1391 c611 c872 c552 c784 c969 c739 c184 c549 c301 c700 c809 c1234 c676 c1153 c1134 c1021 c416 c794 c1395 c204 c307 c574 c1173 c920 c543 c1126 c304 c626 c156 c783 c1015 c933 c687 c398 c751 c93 c1447 c432 c5 c197 c1074 c266
ImagesNextv7
c501 c901 c532 c575 c821 c1158 c443 c1478 c764 c1443 c358 c81 c103 c951 c708 c1420 c677 c815 c1194 c1119 c1199 c1359 c340 c747 c716 c1253 c49 c213 c582 c177 c451 c995 c729 c116 c887 c493 c1150 c1377 c963 c89 c421 c913 c859 c726 c1226 c423 c1114 c276 c77 c711 c38 c273 c155 c790 c534 c220 c753
SheetsZv6
c258 c662 c1181 c351 c129 c277 c1354 c1076 c1495 c768 c1301 c1432 c1281 c720 c524 c959 c848 c971 c977 c551 c1124 c1062 c698 c306 c774 c1053 c1446 c899 c666 c723 c230 c696 c241 c796 c95
AndroidUltrav5
c138 c516 c347 c800 c1429 c198 c393 c377 c914 c253 c1213 c656 c1107 c1298 c1060 c1435 c713 c1428 c1340 c944 c975 c881 c1287 c1030 c576 c309 c185 c13 c1244 c1156
TravelUltrav7
c1073 c456 c243 c444 c924 c584 c1434 c596 c823 c1057 c473 c1321 c847 c394 c567 c1303 c21 c998 c934 c545 c572 c731 c467 c811 c1051 c681 c1122 c1020 c1296 c733 c875 c108 c1463 c1286 c1273 c555 c1362 c701 c820 c460 c349 c1003 c558 c664 c1455 c586 c313 c1245 c905 c84 c876 c1224 c217 c1447 c1183 c224 c362
WearOSMaxv2
c1193 c285 c1336 c336 c1184 c363 c1141 c658 c160 c4 c571 c396 c829 c1201 c1279 c606 c419 c1221 c1462 c122 c804 c146 c1459 c752 c1160 c268 c1346 c1495 c1341 c627 c192 c982 c702 c440 c1175 c1319 c763 c732 c1480 c1197 c643 c397 c556 c657 c1075 c424 c132 c7 c550 c431 c348 c1133 c955 c125 c477 c1374 c179 c337
