78
ClassroomSv2
RuthX
KeepNextv4
PrabhakarN
PixelProv1
MatasF
VoiceZv6
HiroshiQ HiroshiL
SheetsZv4
RuthF SergeyR
BloggerProv9
ThomasE
SantaTrackerProv9
PrzemekV
CurrentsXv1
BakhodirF
TravelProv6
PhilippJ
SkyZv5
SundarM
MoonUltrav4
LarryN
AndroidAutoZv1
PetarV SundarJ
CurrentsProv7
SusanT
NewsMaxv1
TatiyanaT
LearnProv8
JenI
KeepXv1
PrabhakarA
BuildProv1
PrabhakarX
ConnectXv3
StefanG
StreetViewXv2
StepanJ PrzemekF PetarM
StreetViewMaxv8
PetarA
NewsXv5
SundarV PrzemekH
CollectionsProv5
HiroshiT SundarD MaxE
DaydreamMaxv4
ThomasQ
FinanceXv5
ClementV
AssistantMaxv9
MichalA
LoggingXv4
SergeyJ StepanV MaxK
MapsNextv5
PrzemekR FionaZ
TravelUltrav3
PetarR JenE
FeedBurnerLitev8
SundarX BenjaminL PrabhakarE
CollectionsUltrav9
StefanK SundarA
ScholarZv1
SusanR MichalQ PrzemekP LarryU
ClassroomXv9
LarryG StepanK
CodeZv4
NellyR BenjaminR
GroupsZv8
BakhodirL PetarI TatiyanaC MichalV BenjaminK
FuchsiaProv7
BenjaminJ ClementI BakhodirQ
CastOSSv6
SusanH HiroshiI JenJ
SearchUltrav8
SergeyG PhilippI MichalS
DocsUltrav2
BakhodirB NellyM ClementA NellyW PrzemekM PrabhakarM FionaA JenL
ReleaseLitev7
RuthT SergeyW FionaV MaxO
CalendarLitev5
ThomasN TatiyanaO PrabhakarB BakhodirA
StreetViewXv9
PrzemekQ StefanX MaxH ThomasU NellyI
ChartsMaxv5
HiroshiR StefanY MichalY SusanK FionaT
FormsUltrav3
ThomasL ThomasK ThomasW NellyU StepanG PetarN TatiyanaA StepanO
FinanceMaxv7
MaxY StepanU HiroshiL ThomasT BenjaminP
ScholarXv6
SundarD NellyT PrabhakarC LarryJ RuthB FionaE FionaS HiroshiK MatasK BakhodirG JenR TatiyanaP
CurrentsProv2
StepanJ
MoonXv3
SergeyY PetarM
PixelSv6
PrzemekF BenjaminS SundarM
PatentsMaxv2
PhilippO MichalB MatasR MatasP HiroshiE RuthJ MichalV PrzemekT BenjaminK LarryC
ScholarSv9
ThomasD ClementX BakhodirM SergeyR MaxB SergeyJ StefanU PrzemekU MaxJ StefanF FionaZ
ArtsNextv5
StepanD HiroshiQ ClementJ TatiyanaG FionaA TatiyanaC TatiyanaB RuthO PetarO StefanG
DataSv9
FionaK RuthF TatiyanaX MaxA PrabhakarA HiroshiX BenjaminN MichalI BakhodirD PhilippJ
AndroidTVLitev7
RuthW LarryO JenE TatiyanaZ MatasH NellyM SusanO PrzemekM StefanA
SkyProv4
MichalZ ThomasQ
MarsUltrav4
PhilippY SergeyA TatiyanaT BenjaminY PetarG StepanL NellyO MichalQ PhilippE LarryG ClementV MichalF SusanC BakhodirB PetarA ClementU RuthP
ChatLitev6
NellyV MaxM NellyD ClementI ThomasO StefanH ThomasE PrabhakarB PetarJ SusanY StepanK FionaR
ChromeLitev4
LarryU MichalY PrabhakarA
FeedBurnerProv6
SusanR NellyI BakhodirD SergeyY BakhodirA
DatasetSearchLitev6
PrzemekP MaxA BenjaminJ SusanG StefanD SundarI PhilippK PetarN HiroshiM
BloggerProv2
ThomasD FionaV SundarM
DatasetSearchXv2
MaxZ PrzemekM NellyT StefanA SundarX SusanD
ReleaseXv3
StepanD NellyC
DuoMaxv1
BenjaminL PetarJ MaxF BenjaminG TatiyanaT LarryD ClementV NellyD MatasY PrabhakarN
DataNextv9
ClementO SergeyR HiroshiI JenE PetarE FionaZ JenF StepanK PrzemekH BenjaminR LarryZ TatiyanaI NellyU SergeyA MaxK HiroshiD PetarV BenjaminY SergeyQ SergeyK JenY TatiyanaX PhilippC JenS ThomasI
TravelZv6
ThomasL PetarA LarryI NellyI LarryE PrzemekF
StadiaProv5
RuthI MaxA FionaA
ConnectLitev9
SundarM
DreamNextv6
PrzemekC StepanU StefanA PrzemekP JenC
SlidesProv5
SergeyQ LarryZ
StorageNextv9
BenjaminD NellyV PhilippK SergeyY PetarV ThomasI BenjaminV StepanW StepanK MaxE BenjaminY
DocsXv8
SusanC PrzemekF BakhodirG SergeyL PrabhakarF MatasK NellyD PetarM LarryC MatasS MaxK MichalM JenQ NellyG TatiyanaJ SergeyJ ClementX PetarN SusanY SundarX ThomasT SusanK StefanK PrabhakarE
StorageSv6
SundarM TatiyanaT StefanA PrabhakarL BakhodirO RuthB StefanM RuthQ JenI StefanY FionaK HiroshiW PetarI FionaH JenE PrzemekW LarryW TatiyanaI FionaT SergeyK MatasR
BuildUltrav6
PhilippK MaxE PrzemekT SundarV
WebserverProv7
MatasK MatasF
PixelXv7
PhilippJ NellyD TatiyanaJ StepanG
ShoppingUltrav9
TatiyanaJ FionaV JenQ RuthO
DataMaxv3
RuthP FionaA SergeyQ SundarV ClementV RuthO PrzemekH JenU ClementJ
CultureUltrav4
SundarV
