1478
p58
c476
p6066
c597
p444
c474
p8570
c332
p2063
c426
p2085
c585
p7878
c407
p8526
c266
p1344
c461
p2185
c435
p1467
c790
p7810
c115
p5154
c219
p1842
c772 c764
p7125
c303 c497 c579
p1081
c61 c275 c635
p2103
c575 c200
p8118
c719
p3415
c10
p4400
c338 c640
p4772
c391 c573
p8475
c449
p7507
c351
p3195
c378 c96
p1508
c147
p2932
c576
p6630
c423
p7443
c396
p2966
c554
p6554
c493 c72 c555
p4135
c472
p8981
c307
p6778
c321 c681 c677
p2528
c673
p9
c67
p4676
c350
p2625
c21 c199 c649
p5020
c482 c27 c403
p6668
c682
p2632
c109
p9951
c181 c327
p6270
c377
p8119
c789
p155
c633
p1698
c352 c557 c349 c676 c593
p6161
c656
p179
c529 c634
p6299
c301 c522 c103 c734 c183 c419 c193 c502
p4680
c230 c228
p9784
c755 c460
p581
c706 c704
p1720
c345 c264 c436 c329
p6679
c282
p8649
c23
p9945
c2
p2407
c645 c253 c177 c452 c762
p6480
c397 c509 c140 c651
p378
c313
p2710
c41 c187
p124
c371
p1252
c194 c446 c653 c316 c785 c786
p9014
c531
p9410
c214
p6494
c162
p7906
c189
p1350
c553 c94
p5177
c475
p7542
c748 c93 c532
p5544
c5 c311 c322
p3943
c315
p4987
c297 c657
p4002
c614
p3385
c156 c236 c43 c624
p9519
c639
p6742
c647 c431
p5038
c20
p5465
c433 c65
p645
c591 c582 c14 c355 c198 c341 c636 c524
p1281
c514 c159
p99
c402
p4834
c489
p3017
c160
p5758
c756
p7524
c139 c176 c231
p7106
c655 c638 c527 c75
p4378
c518
p2272
c62
p8627
c795
p5280
c376 c422
p19
c386 c80
p6934
c455 c373 c112
p9961
c710
p4742
c268
p7785
c590
p9022
c15
p3937
c765
p8378
c247 c116
p7745
c354 c416
p6583
c395
p5663
c609 c504 c668 c621 c99
p900
c520
p221
c547
p4383
c334
p5011
c464 c370
p4010
c413 c587
p4364
c8 c701
p8311
c768
p4717
c202 c678 c326 c685 c516 c76 c432 c113
p4711
c123
p1809
c637 c453
p159
c28
p8986
c223 c360
p6825
c589
p8592
c224 c252 c81 c362 c546 c735 c598
p7536
c757
p1818
c244 c799
p9449
c47 c578
p425
c536
p847
c279
p8196
c629
p1321
c767 c393
p6909
c243 c763 c443
p4773
c227
p8409
c646 c693
p880
c203
p1060
c540 c89
p7803
c284
p4684
c294 c120
p5054
c191
p79
c537
p3682
c595 c380
p3225
c251
p8826
c542
p969
c381
p7131
c715
p7800
c394
p7885
c66
p2191
c782
p3605
c205
p9654
c134
p173
c274
p6493
c571
p4535
c347
p5202
c605
p6842
c83
p9875
c503 c267
p2603
c544
p8077
c771
p5022
c611
p4704
c233 c101
p3088
c619
p9991
c288
p9469
c398
p9640
c269 c49 c642 c752 c627
p422
c0
p6746
c388
p3395
c498
p8458
c703 c339 c797
p5372
c418 c680
p7847
c572 c180
p44
c606 c429
p508
c543
p2326
c249 c644
p4392
c463
p2223
c389
p7117
c444
p4461
c577
p5766
c775
p9115
c448
p8145
c488
p2662
c240
p1701
c363
p1478
c727 c337 c511
p9333
c479
p5369
c586
p6698
c660
p4329
c483 c447
p5877
c616
p7779
c308
p1726
c54
p466
c794 c697
p1731
c457
p1712
c632
p5636
c86
p7784
c124
p5427
c59 c132
p1406
c26
p6259
c538 c357
p4012
c411 c48 c106
p6440
c324 c750
p2285
c289 c526 c401
p9499
c78 c382 c210 c694
p3628
c331
p9275
c265 c213
p9518
c111
p9472
c319
p7531
c442
p1200
c312
p8727
c512
p6575
c7
p5120
c175 c732
p5165
c298
p9363
c620
p7396
c150
p6525
c74
p485
c63 c466 c774 c293 c310
p7763
c11 c84
p4340
c787
p476
c709
p3629
c17
p219
c567 c672 c158
p8951
c711
p5833
c599
p1427
c699
p9814
c695
p4292
c148
p8372
c458 c618 c583
p7122
c64
p395
c486 c469
p2595
c551
p6890
c379
p568
c720
p5443
c211
p7912
c1
p8510
c689
p6119
c513
p3911
c470
p925
c552
p6874
c561
p4853
c664
p1001
c69
p6482
c102 c740
p8547
c659
p4345
c368
p7214
c766
p8529
c754
p6544
c31 c188
p5536
c222 c648
p4812
c246
p4284
c68
p2325
c245
p9367
c129
p8674
c340 c510
p4436
c450 c508
p2209
c153
p3953
c286
p3788
c280
p7790
c628
p7291
c459 c769 c791 c604
p6164
c690
p4939
c290
p3374
c770
p8509
c306
p1566
c600
p5818
c365 c3 c271
p1925
c171 c105
p6126
c425
p2483
c773
p3456
c336 c717 c610
p3360
c654
p6042
c798
p9110
c481
p7896
c104 c584
p3632
c454
p7724
c164 c686
p3589
c385
p6062
c53
p2818
c55
p6118
c366
p6420
c142 c302 c641
p5986
c197
p6377
c761
p3278
c662 c738 c45 c60 c615 c558 c333
p7189
c560
p725
c40
p1020
c122
p1787
c471 c726
p1898
c287
p875
c57
p4623
c254
p5355
c499
p3550
c588
p460
c456
p8731
c533
p7042
c650
p4999
c241 c760 c725 c484
p2526
c731
p7358
c679 c216 c90
p1026
c399
p418
c736
p5023
c417
p6751
c263
p9139
c723
p2709
c745 c85 c521 c713
p9897
c44
p5843
c346
p5871
c623
p7793
c314
p1259
c215
p6614
c226
p4066
c323
p1906
c353 c390
p501
c545
p8801
c318
p3335
c674
p2961
c480 c788
p1244
c250
p3352
c157
p3379
c683
p351
c438 c167
p6244
c77
p1309
c594
p2460
c780
p4202
c36
p4437
c603
p3515
c234
p2575
c37 c73
p7270
c141
p3952
c406
p7020
c358
p1468
c4
p7103
c335
p5401
c238
p383
c625
p6046
c473
p6341
c296
p240
c92
p3206
c622
p7016
c562 c779
p782
c304
p8316
c758 c136
p1420
c179 c24
p9850
c613
p3543
c239
p1359
c25
p245
c38
p2729
c424
p3276
c155
p9690
c367
p246
c383
p5406
c146
p2238
c225
p2540
c186
p4846
c95
p1039
c700
p154
c42
p6404
c130 c299 c716
p2787
c692
p2473
c208
p6993
c19
p7296
c135
p6712
c515
p3212
c410
p704
c658
p9347
c666 c248
p8577
c285
p5674
c172
p2169
c30
p3061
c687
p9913
c437 c195 c255 c574
p7674
c270
p4801
c325
p6596
c190
p7169
c427 c256
p1782
c730
p7323
c151
p7742
c643
p4641
c744 c98
p4142
c259
p764
c519
p7259
c320
p7577
c409
p4407
c724
p162
c375
p5275
c778
p6952
c626
p1804
c18 c539 c612
p2588
c670
p6982
c541
p9528
c718
p2232
c50
p136
c35
p1595
c261
p3597
c185 c22
p4011
c753
p9238
c204
p1303
c607
p1024
c705
p4490
c384
p6456
c729
p7335
c707
p3531
c305 c530
p8920
c207
p9908
c58
p8978
c137 c100
p8451
c404
p6734
c568
p7096
c751 c218
p2315
c462 c783 c114
p8212
c154 c292
p3174
c494
p5209
c237
p3956
c144
p6246
c608 c548
p284
c317
p301
c793
p3464
c364 c507
p4403
c97
p3405
c505
p5545
c56
p6286
c663
p8098
c117 c131
p966
c192
p560
c478
p4463
c87
p1379
c29
p197
c174
p865
c691
p7895
c414 c121 c272
p5092
c165
p287
c428 c235
p1132
c566
p3544
c33
p9780
c684 c696
p5321
c34 c206
p5055
c118 c564
p2310
c500 c163 c439 c149
p3350
c217 c32 c742
p9408
c559 c276 c196 c550
p3346
c345
p3545
c502
p4985
c419
p5795
c303 c352
p4572
c585
p7884
c476
p4023
c557 c91
p9055
c341
p8315
c436
p8559
c477 c14 c253 c772 c452
p5371
c103
p4809
c177
p8392
c407
p653
c645
p7474
c593
p9419
c426 c128
p77
c579
p8399
c636
p8265
c301
p3710
c762
p1923
c677 c522
p5183
c597
p8715
c474
p8327
c796 c61
p4729
c685
p8184
c524
p7429
c113
p3909
c676
p2859
c275
p2046
c734 c688
p4276
c349
p5128
c338
p2004
c678
p2693
c198
p3539
c76 c722
p6487
c582
p5207
c72 c21
p5888
c764
p2583
c202
p3208
c193
p665
c355
p8277
c16 c332
p5662
c264 c400 c242 c342
p5337
c591 c178
p1300
c546 c601 c790 c563
p6648
c635 c219
p5329
c652 c624 c748
p6607
c81 c781 c467
p214
c230
p8725
c786 c621
p6106
c96
p4076
c176
p7992
c555 c391
p3145
c93
p7420
c224
p1645
c361 c281 c423
p5170
c651
p924
c139
p183
c638
p9849
c397
p7389
c316
p2923
c309 c378
p9749
c75
p2812
c231
p8911
c668
p4609
c504
p273
c194
p4342
c27
p8244
c681 c737 c435
p8667
c496 c88 c575
p8295
c43
p8382
c269 c138
p8905
c627
p6520
c200 c446 c482
p3884
c509 c387
p2228
c359 c785
p8234
c523 c573
p5615
c655 c749
p6693
c642 c570 c221
p8193
c673
p4330
c634 c119
p5109
c67
p8178
c147
p6805
c763
p7437
c109
p690
c443
p9502
c266
p8962
c553
p3043
c322
p7206
c5
p4965
c719
p1487
c554
p5068
c307
p8930
c755
p3081
c374 c373
p2331
c472
p8604
c416
p8584
c790
p8403
c466
p8060
c51 c354
p5460
c546
p2916
c351
p3912
c431
p9489
c337
p3983
c293
p5368
c682
p8041
c694
p1239
c382
p3669
c78
p5339
c313 c408
p3613
c63
p4800
c647 c792
p5145
c706
p447
c297 c10 c669
p1165
c531
p1213
c767
p9192
c120
p9133
c380
p1354
c294
p9077
c422
p4919
c633
p2616
c514
p4146
c214
p6057
c595
p1225
c698 c350
p3704
c576
p5042
c656
p3703
c159
p9409
c376 c449 c460
p8508
c789
p8571
c2
p5216
c489
p3549
c639
p1389
c219
p770
c634
p8535
c233
p7769
c303 c556
p7515
c701
p4151
c253 c596 c630
p9180
c434 c329 c14
p7910
c273 c101
p7175
c772
p7000
c703
p1506
c282
p80
c624
p5133
c673
p9378
c799
p8387
c614
p85
c433
p958
c132
p5945
c776 c244
p6606
c569 c160
p3030
c169 c572
p9880
c748 c41
p9695
c223
p238
c637
p7064
c453
p4024
c45
p9438
c402
p5637
c333
p3999
c680
p4953
c558
p139
c60 c386
p5219
c662
p4478
c401
p3113
c20
p6608
c289
p597
c475
p4301
c418 c652
p6253
c360 c525
p2558
c615 c393 c526 c327 c477
p3355
c48 c65
p2062
c413
p8790
c646
p9974
c589
p9779
c249
p7549
c644
p8989
c535 c768
p9125
c116
p8074
c47
p1066
c182 c567
p2612
c123
p3931
c247
p1
c411
p9342
c175
p3562
c732 c741
p4996
c326 c587
p1084
c62
p8298
c578
p8490
c795
p2592
c251
p3506
c345
p8834
c492 c520
p9379
c371
p6988
c284
p3551
c740
p2307
c102
p1624
c210 c465 c398
p7818
c127 c203 c432
p5901
c267
p4585
c173 c769 c28
p3832
c81
p7914
c419
p2388
c311 c459
p5903
c791
p7258
c547
p5193
c604
p9278
c46 c162
p3885
c710 c631
p289
c8 c538
p3071
c657 c511 c738 c328 c94 c467
p4269
c429
p3108
c89 c797
p3892
c271
p5783
c90 c592 c23
p1159
c483
p8953
c789
p6916
c11 c39
p6553
c340 c458
p9201
c583
p9733
c156 c405 c15
p697
c347 c601
p4094
c83
p8205
c488
p1628
c543
p6922
c472
p8948
c457
p1490
c426
p3681
c104
p2939
c48 c108
p3862
c775
p5754
c629
p2960
c542
p2023
c765
p7380
c536
p7111
c611
p7181
c725
p2174
c339 c697
p8575
c348 c241
p2875
c527 c464 c760
p3200
c484 c201
p6533
c110 c392 c395
p9459
c145 c412 c495 c727 c794
p5495
c502
p8331
c334 c518
p5685
c363
p2703
c648
p7868
c756
p1177
c142
p5649
c26
p236
c476 c66 c343
p4032
c230
p5105
c537
p9867
c227
p550
c298 c262 c745
p1927
c125 c389 c713
p2126
c609 c17
p5769
c423
p7436
c105
p7728
c612
p348
c539 c640
p1497
c620 c377
p8675
c69
p895
c279
p8924
c205 c726
p9279
c274 c619 c278 c133 c107
p311
c486
p1122
c213
p9316
c716
p2509
c70 c265
p2420
c750
p3106
c757 c362
p6468
c610
p8330
c715
p3238
c717
p706
c310 c280
p5647
c350 c451
p5262
c152 c324
p8569
c584 c336
p3916
c606 c388 c12 c649 c532
p1594
c251
p6923
c368
p4505
c695
p7168
c86
p6088
c621
p4217
c126 c463
p9193
c605
p1844
c512 c653
p6921
c589
p6037
c28
p9964
c124
p6092
c779
p2849
c52 c769 c468
p8339
c232 c754
p2379
c709
p4705
c164
p6169
c96
p8416
c347
p1929
c660 c529
p6058
c599
p6560
c689
p4539
c766
p4456
c788 c209 c403
p2076
c480
p4402
c544 c228
p336
c236 c153
p6704
c620
p3039
c763 c782
p1759
c585
p8473
c508
p1185
c223 c216
p7152
c388
p683
c502
p6179
c616
p6836
c3 c394
p526
c391 c396 c490
p3409
c82 c470
p9107
c267
p6403
c191
p8856
c551 c91 c6
p2761
c345 c580
p2292
c197
p3443
c195
p2554
c37
p249
c768
p3444
c659
p2799
c161 c437
p2695
c461 c246 c255
p7599
c542
p2485
c552
p1995
c731
p8774
c482 c540 c167
p8138
c531 c471
p8110
c200 c601 c361
p2594
c61
p1256
c452 c313 c721
p4350
c586
p7344
c498
p6674
c479 c31
p9516
c68 c380
p6917
c646
p975
c240
p1469
c577
p7257
c416
p275
c790 c199
p1752
c64
p8583
c79 c120
p8411
c797 c277 c266
p7651
c249
p9390
c588
p9801
c456
p8038
c308
p605
c654
p3860
c520
p2579
c214
p9215
c593
p185
c390 c107
p8643
c647 c274
p1774
c109
p5850
c286 c774
p3559
c413 c358
p5847
c183 c723
p3333
c205
p3820
c630 c699
p7364
c726 c492
p8705
c561 c438
p5726
c708 c101
p716
c337
p7554
c489
p5669
c483
p5957
c545 c657
p8770
c328 c606
p1725
c770 c467 c739 c747
p2027
c602 c134 c60 c619 c698
p3833
c442
p7972
c150
p97
c241
p6637
c666 c140
p7447
c796 c170 c248
p7220
c407 c563
p4009
c682
p3504
c399
p8094
c312
p4819
c470
p6643
c454
p3361
c148
p8207
c576
p2895
c672 c737 c511
p7722
c697 c181 c73
p7975
c21 c518
p5564
c211 c212
p9434
c179 c351
p4950
c543 c314
p6667
c703 c522
p7983
c378 c2
p9975
c114 c252
p4
c424 c571
p6796
c448 c309
p7877
c446 c229 c757
p985
c94 c645 c750 c408
p3023
c667 c187 c557 c594 c430 c497 c671
p3458
c299 c141
p9011
c499 c605
p4630
c83
p8893
c238
p1955
c186 c143
p854
c792 c123
p1287
c348 c633
p51
c466
p3013
c339 c512
p903
c176 c784
p435
c55 c167
p8582
c182 c482
p4774
c370 c371
p8004
c294 c146
p1456
c103 c560
p6311
c781 c785
p8084
c263
p6063
c679 c111 c233
p5186
c787 c311
p5622
c303
p2937
c315 c459
p1561
c556 c444
p4079
c40 c641 c47 c319
p6140
c357 c452 c93
p4370
c521 c81 c200
p4273
c786 c89 c137
p4666
c601 c288 c555 c722
p3243
c664
p9336
c435 c25
p1237
c287 c491 c365 c501
p9036
c624
p976
c761
p8789
c434 c119 c321 c540
p8366
c637
p806
c366 c789
p6342
c48
p8514
c754 c677
p2426
c514 c8
p5771
c45 c71 c783
p8567
c356 c562 c225
p8160
c452 c320
p1993
c431
p9111
c136
p7670
c519
p6061
c131 c650
p6548
c510 c117
p4746
c725 c357 c711 c302
p2562
c636
p1856
c762 c283
p408
c286
p846
c665 c313 c194
p101
c528 c503 c98
p2751
c74 c774 c93 c759 c581 c372
p482
c351
p5532
c780
p3137
c354 c597
p3957
c419
p675
c773
p5735
c481 c278 c516 c168 c425
p6839
c553 c681 c535
p4235
c67 c226
p8700
c10 c745
p6817
c638
p7123
c632 c776 c661 c735 c728
p3780
c344 c244 c788
p666
c298 c256
p7094
c59 c670
p1649
c433
p8296
c622
p5780
c443 c6
p5680
c653 c91 c570
p4100
c323
p1034
c123
p8748
c208 c268
p4200
c733 c610
p6147
c379 c403 c157
p2360
c413 c362 c147
p8046
c486
p3522
c358 c82
p839
c80 c16
p7109
c306 c204 c162 c359
p1269
c0 c27
p9158
c537 c440 c173
p3040
c409
p7958
c254
p290
c325
p7671
c272 c398
p8456
c736 c76
p5605
c536 c387
p1339
c703
p8738
c84 c614 c506
p8180
c253 c31
p1597
c515 c232 c598
p756
c115 c677 c527 c642
p8250
c753 c521
p8440
c316
p962
c790 c744
p2865
c258 c200 c352
p3556
c171 c543 c574
p8090
c240
p8280
c714 c680
p3034
c290
p3727
c575 c577
p1863
c738 c791 c341 c685 c674
p6513
c397 c635
p8247
c646 c46
p2243
c775 c179
p4875
c363 c479
p5354
c586
p8338
c224 c129
p9412
c628 c130 c545 c51
p3649
c639
p1282
c623
p6996
c675 c585
p8549
c701 c517 c464 c389
p8491
c740 c301
p763
c625 c644
p4030
c322 c798
p3655
c611 c249
p5326
c758 c569
p1381
c367
p713
c72 c407 c697
p398
c534 c282 c696 c112
p6645
c22 c160
p4313
c713 c257 c457 c116
p225
c498
p7066
c95
p4187
c754 c756 c492
p3100
c2 c782 c128
p643
c233 c694
p7776
c378
p1706
c75
p4074
c43
p3900
c305 c330
p317
c50 c469 c548
p3391
c436 c530 c382
p3305
c210 c183 c700
p2834
c725 c766
p6323
c181 c135 c171
p4391
c417 c334 c361 c656 c741 c590
p2959
c265 c633 c291
p4943
c7 c156
p5548
c567 c38
p5803
c306 c374 c320
p2021
c100 c269 c204
p4598
c132 c279
p8062
c404 c660 c532
p1088
c397 c511 c111 c752
p5361
c684 c551 c142
p2642
c65 c485 c314 c755 c335 c138 c125
p9169
c360 c539
p3848
c560
p9271
c649 c284 c140 c720
p436
c357 c388
p7372
c427 c640 c628
p5077
c709 c607 c359 c333
p53
c346 c504
p5366
c190 c543 c568
p1622
c230 c102
p8565
c401 c85
p7872
c362 c604 c683
p2990
c470 c162
p2584
c45
p9746
c267 c487 c493 c771 c612 c657 c250 c103 c18
p8721
c78
p4702
c243 c202 c52
p7356
c324 c627
p4733
c15 c426
p8590
c151
p6801
c86
p3742
c595 c77
p4924
c658
p5931
c163 c236 c760
p9788
c114 c690
p5809
c221 c317
p1638
c121 c247
p8390
c764 c538
p4636
c471 c514 c148 c158 c491 c413 c133
p4738
c620
p6827
c256 c420
p8870
c298 c31
p2936
c651 c437
p9818
c541 c531
p11
c678 c686
p1260
c275
p3949
c500 c596 c116
p1036
c11 c81
p8818
c453 c39
p9428
c489 c501 c668 c12
p691
c452 c613
p7348
c271 c69
p6409
c297 c197
p7698
c772
p7875
c209 c28 c564 c710 c473 c25
p9339
c495 c285 c130 c385
p678
c234 c30 c59
p5918
c412 c280
p686
c457 c186 c386 c296
p8271
c312 c537 c276
p7151
c154 c337 c777
p3867
c118 c332
p7179
c794 c559
p2561
c175 c526
p4542
c633
p1293
c546 c477
p9041
c778
p5168
c331 c113
p6803
c625
p6739
c213 c220
p1323
c246 c713 c565
p6410
c327 c14
p2674
c291 c670 c24
p2556
c251 c2
p5972
c689
p3000
c83
p7503
c693 c695
p9834
c604
p1347
c515 c224
p5657
c349 c644
p8805
c377 c488 c384
p3160
c472 c564
p4775
c264 c422
p739
c647 c603 c468
p9648
c483
p2092
c643
p8312
c575 c782 c524
p4549
c183 c292
p8450
c237 c514
p5927
c215 c578
p1532
c29 c1
p5437
c413 c161 c629
p1930
c144 c527 c535
p5642
c120 c663 c529
p5914
c257 c368
p9507
c203 c4 c148
p5113
c308 c612
p9249
c767 c454
p2909
c589 c673 c545
p2159
c195
p81
c739 c718
p2486
c467 c34 c35 c677
p3067
c747 c587
p174
c205 c375
p8028
c770 c676
p625
c222 c273 c185 c459
p4898
c37 c783 c103 c302
p5679
c765 c751
p1054
c97 c218 c582
p362
c455 c219 c191 c51 c566
p8660
c172 c496 c231
p5003
c762 c176
p1614
c700 c159 c258
p4414
c553 c493 c109
p2049
c207 c711
p1341
c10 c396 c153 c287 c304 c71
p9120
c787 c17
p8435
c63 c32
p890
c552
p392
c743 c352 c217
p6144
c353 c23
p3348
c429 c355
p4214
c415 c155 c56
p9273
c692 c682
p8352
c27
p2723
c789 c465 c679
p2267
c90 c579
p8992
c33 c393
p5793
c712 c432 c267 c522 c11 c460
p7223
c449 c599 c523
p8343
c250 c178
p4562
c13 c418 c281 c471
p8082
c364 c428
p2639
c737 c598 c591
p9246
c259 c214
p7941
c504 c705 c189 c550 c62
p565
c410 c329
p7727
c102 c242
p664
c651 c315
p4656
c754 c165
p6522
c270 c201
p2548
c781 c99 c87
p5422
c402 c600 c307
p5703
c726 c158 c482
p6208
c267 c324 c230
p4670
c627 c513 c194
p2133
c632 c326 c57
p434
c626 c687 c735
p495
c516 c683 c631
p5291
c652 c481
p4580
c505 c425
p617
c734 c289 c722 c749
p5907
c366 c655 c288
p8072
c691 c555 c484 c400 c462
p7411
c70 c601 c509
p3387
c168 c614 c542 c502
p1205
c526 c707
p5612
c55 c439
p5164
c96
p9007
c373 c186
p3576
c308
p9840
c712 c716
p8464
c167 c340 c67
p7846
c255 c295 c175
p9774
c769 c642 c68
p8563
c36 c416 c573 c776
p2338
c577 c169
p8103
c449 c547
p4427
c132
p354
c323
p3552
c532 c115 c25 c461
p1963
c501 c654
p3899
c424 c380
p4369
c660 c247
p3546
c351 c665 c106
p1048
c147 c269 c664
p2196
c362 c524
p843
c228 c21
p6194
c572 c474 c518
p2369
c41 c457
p8059
c411 c343 c606 c575
p3553
c456 c574 c223
p927
c383 c797
p1579
c347
p3397
c12 c44 c227 c310
p9202
c8 c496 c170
p5272
c290
p5208
c612 c662 c402
p7855
c198 c272
p116
c248 c339
p2628
c47 c771 c669
p8493
c136 c110
p2347
c345 c386
p1241
c350 c635 c793
p7530
c506 c312
p6093
c124 c46
p1546
c564 c369 c18 c73
p2633
c232 c595 c790
p5959
c313 c105
p998
c531 c342 c279 c769 c84 c173
p562
c154 c307
p4271
c478 c294 c365 c588
p7730
c507 c330
p7993
c145 c249
p4193
c443 c466
p2098
c544 c788
p5739
c401
p3610
c216 c244 c209 c492 c346
p736
c127 c6 c398
p5415
c708 c296
p8494
c646 c328 c437 c618 c521
p7815
c761
p8646
c634 c5 c464 c260
p6207
c286
p3940
c573 c337 c381 c495
p38
c416
p536
c450 c477
p1498
c744 c786 c180
p1823
c723 c683 c731
p5311
c742 c701 c85
p9479
c405 c756 c394
p7949
c463 c649 c451
p479
c376 c285 c163 c245
p5111
c438 c53
p432
c172 c760
p510
c20 c596
p6188
c356 c611
p4294
c473 c561
p4401
c128 c678 c399
p3986
c592 c508
p689
c58 c226 c664 c266
p7199
c11 c338 c122 c149 c494 c303 c121
p5057
c426 c410 c104
p1654
c571 c329
p9080
c470
p8216
c251 c139
p6657
c748 c456
p6625
c782 c699
p9700
c775
p1186
c446 c522 c480
p3479
c16 c763
p9196
c143 c80 c133 c537
p3057
c540 c583 c300 c500
p3117
c231 c779
p3107
c753 c301
p8621
c434 c539 c704 c15
p3785
c206 c659
p6091
c36 c107
p9069
c95 c475
p4354
c182 c368
p7956
c305 c239 c257
p8096
c528 c192 c599
p8131
c567 c520
p4766
c503 c336 c94 c636
p4639
c166 c225 c454
p5923
c162 c92 c394
p4607
c69 c389 c740 c468 c274
p6241
c150 c476 c698 c245
p5523
c390 c709
p6861
c208 c56
p1613
c686 c515 c276 c726
p7082
c77 c771
p6115
c463 c354
p1565
c224 c729 c66 c602
p5932
c597 c609
p613
c157 c408 c321 c252
p5330
c403 c355
p2436
c682 c519
p353
c667 c40
p8202
c715 c181
p7641
c616 c306
p1057
c594 c293 c391
p3751
c671 c285
p6281
c430 c155 c496 c3
p5762
c75 c397
p2382
c30 c282
p4671
c23 c653 c790
p8176
c236 c498 c112
p5621
c586 c174 c570 c147
p1967
c696 c299 c322
p9243
c265 c91
p3466
c141 c248 c482 c492
p2068
c524
p2475
c291 c64
p9276
c8 c419
p192
c349 c374
p5659
c223 c444
p916
c670 c60
p3015
c5 c736 c415
p2051
c595 c235 c260
p1539
c576 c641 c263
p6967
c376 c292
p9207
c26 c103 c497
p2873
c695
p8807
c783 c451 c681
p4722
c261 c693 c624
p1017
c666 c37 c554
p4181
c674 c785 c720
p6832
c728 c144
p1198
c557 c580 c283 c738
p7422
c130 c525 c541 c798 c161 c489 c163
p9888
c700 c540
p9225
c244 c211 c200
p7129
c341 c756 c421 c34
p6947
c280
p5432
c605 c460
p6215
c216 c309
p3659
c458 c677 c629 c702
p8996
c21 c392 c264 c79 c730
p4316
c438 c360 c209
p2910
c271 c355 c795
p7856
c733 c514 c533 c433
p1111
c410 c381 c422 c164 c558
p7336
c461 c442
p618
c418 c688 c134
p9224
c25 c610
p8117
c526 c268 c395
p7431
c773
p3850
c797 c757 c62
p6512
c706 c515 c707
p7013
c57 c233 c53
p5252
c638 c189 c546
p4413
c326 c61 c108
p9345
c414 c692 c504 c154
p7510
c490 c607 c724 c550 c694
p2541
c158 c204 c530
p9456
c703 c673
p9686
c225 c486
p6714
c589 c196
p9863
c445 c45 c137 c237 c760
p6685
c290 c406 c385
p2222
c234 c172 c517 c253 c637
p2282
c359 c387 c140 c465 c796
p787
c205 c431 c652
p7502
c633
p9431
c758 c375
p6076
c432 c405 c420 c700
p522
c765 c187
p5203
c31 c471 c698 c792
p1618
c409 c563
p9062
c571 c628 c467
p150
c329 c523 c362 c427
p6966
c762 c776 c574
p3653
c316 c512
p4207
c519 c320
p3978
c499 c104 c682
p4281
c587 c123
p3557
c717 c344 c747
p1878
c367 c307
p545
c447 c443 c778
p1167
c341 c640
p1012
c63 c774 c391
p4051
c540 c236 c440 c35
p3480
c297 c346 c593 c680 c567
p4855
c113 c165
p1729
c126 c337 c207 c436
p9948
c331 c608 c784
p2225
c689 c34 c407
p247
c334 c169
p442
c40 c228
p7850
c39 c545 c258
p9384
c33 c413 c652
p4091
c613 c417
p8211
c543 c790
p5989
c485 c719 c277
p8014
c528 c623
p8896
c125 c5 c516
p5410
c335 c229
p7260
c650 c653 c90
p1098
c479 c425
p5039
c548 c726
p3561
c158 c193 c751 c469
p2474
c513 c194 c260 c117 c574 c686
p1218
c24 c81 c50 c232 c49
p1307
c179 c622 c42 c595
p8487
c142 c393
p4206
c573 c602 c325 c311
p6067
c657 c660 c177
p4272
c247 c339 c718 c59
p5979
c176 c388
p1616
c88 c552 c127 c428
p5819
c342 c505 c279 c382
p2794
c493 c364
p7804
c357 c620 c547
p5234
c426 c578
p4923
c173 c508 c551
p1794
c215 c530 c511
p5237
c789 c294 c0 c594 c562
p885
c19 c116 c755 c604 c527
p2094
c155 c256 c649 c634
p5590
c324 c363
p859
c371 c230
p7045
c734 c150 c575 c111 c383
p4208
c452 c639 c348
p4311
c93 c267 c38
p25
c635 c28 c74 c275
p2402
c171 c317
p6840
c794 c615
p4417
c636 c725
p4015
c766 c675
p8461
c94 c197
p918
c227 c89
p1732
c310 c684
p7703
c191 c86
p4388
c410 c529 c3 c631
p5926
c12 c2 c139 c302 c750
p2001
c500 c600 c66 c67
p727
c350 c102
p1703
c351 c656 c129
p3537
c627 c424
p4658
c592 c7 c192
p7247
c245 c663 c323
p87
c109 c468
p4485
c560 c606 c71
p62
c581 c188 c566 c770
p5836
c746 c448 c489
p7518
c598 c365 c749 c249 c651
p8381
c525 c205 c190
p9381
c381 c378
p5848
c740 c163 c679
p7867
c202 c454
p3471
c705 c798 c769 c379
p5561
c151 c274 c662
p3115
c402 c520
p3690
c46 c183 c616
p5374
c100 c262 c779 c668 c131 c82
p4984
c380 c185
p9480
c204 c78
p642
c251 c507
p757
c298 c201 c736 c522
p9819
c147 c539 c480
p2762
c43 c168
p2539
c464 c159 c112 c439
p2189
c572 c22
p4234
c474 c510
p3961
c367 c430
p6584
c557 c404 c568 c491
p3776
c553 c690 c10
p4327
c780 c220
p1253
c301 c114 c793
p604
c642 c118 c759
p36
c783 c112 c234
p431
c411 c483 c23
p1778
c464 c439
p8585
c209 c135 c738 c699
p1723
c743 c697
p9879
c349 c503
p5541
c255 c434
p381
c180 c399 c674 c429
p2878
c69 c330 c713
p1832
c246 c269
p8709
c155 c374 c704 c138 c495
p375
c634 c782 c449
p5801
c477 c584 c586
p564
c319 c614 c450
p3080
c394 c637 c735
p1045
c760 c167
p6384
c45 c217
p9980
c131 c488
p357
c83 c512
p5517
c527 c320 c356
p5839
c676 c225
p5299
c788 c779
p6151
c752 c384 c322 c403 c15
p5709
c106 c144 c603
p1285
c52 c728 c152 c729
p1669
c175 c203 c755
p6148
c287 c299 c337
p9320
c65 c541 c148
p201
c401 c44 c164
p255
c353 c132 c278 c207
p7237
c146 c538 c369 c722
p2125
c456 c73 c370
p4367
c243 c447 c318
p6032
c585 c13 c300 c797 c700
p8061
c130 c778
p6186
c400 c791
p8476
c555 c124 c159
p6892
c643 c591
p7126
c716 c82
p7267
c405 c570 c621
p6485
c463 c343 c307
p521
c531 c613
p5507
c419 c501
p113
c757 c103 c8
p6143
c557 c486
p6918
c561 c62 c1
p4741
c203 c753 c101 c481
p8266
c363 c80 c32
p125
c388 c141 c340
p9483
c396 c580 c492 c685
p8884
c210 c345
p3753
c214 c655 c696
p8058
c597 c737
p2707
c72 c253 c113 c389 c783
p5861
c70 c316
p4020
c576 c221
p1501
c397 c502 c234
p2198
c547 c767 c127
p1505
c244 c358 c198
p1003
c652 c20 c491 c333
p5076
c332 c477 c354
p5137
c165 c151 c172 c441
p2393
c446 c99 c519
p1346
c675 c781 c558
p8817
c691 c467 c518 c404
p1028
c87 c720 c420
p4840
c606 c451 c476 c517
p9723
c279 c569
