12
p21556
c873 c745 c994 c692 c944 c123 c280 c427 c489 c893 c32 c224 c88 c776 c23 c818 c761 c463 c699 c936 c398 c201 c465 c381 c101 c467 c652 c928 c520 c887 c806 c238 c908 c205 c481 c593 c854 c803 c956 c807 c388 c513 c44 c40 c536 c953 c622
p6988
c241 c665 c725 c799 c518 c701 c503 c860 c710 c117 c324 c589 c227 c492 c918 c546 c262 c751 c780 c851 c275 c148 c892 c526 c150 c572 c578 c696 c932 c178 c566 c213 c599 c963 c180 c947
p21619
c632 c27 c577 c919 c827 c393 c757 c669 c907 c556 c612 c734 c428 c484 c840 c846 c278 c876 c252 c862 c69 c903 c478
p12204
c728 c149 c808 c159 c297 c303 c603 c514 c958 c703 c508 c883 c601 c644
p148
c412 c841 c984 c229 c879 c183 c685 c121 c561 c937 c326 c279
p17174
c531 c240 c812 c811 c804 c604 c458 c222 c161 c66 c267
p7997
c70 c826 c638 c636 c598 c345 c648 c629 c179 c31 c286 c545
p13003
c675 c24 c33 c195 c585 c831 c678 c790 c570 c249 c22
p15797
c688 c469 c938 c655 c653 c64 c591 c133 c433 c754
p49
c686 c706 c640 c294 c175 c857 c41 c211 c143 c975 c54
p10436
c713 c184 c905 c461 c328 c942 c999 c37
p22073
c505 c479 c764 c620 c955 c681 c529 c157
